<?xml version="1.0" encoding="UTF-8"?>
<testng-results ignored="0" total="1" passed="1" failed="0" skipped="0">
  <reporter-output>
  </reporter-output>
  <suite started-at="2023-02-20T23:59:26 IST" name="Default suite" finished-at="2023-02-20T23:59:31 IST" duration-ms="5081">
    <groups>
    </groups>
    <test started-at="2023-02-20T23:59:26 IST" name="Default test" finished-at="2023-02-20T23:59:31 IST" duration-ms="5081">
      <class name="com.assignment.Phase3.AssignmentPost">
        <test-method signature="get()[pri:0, instance:com.assignment.Phase3.AssignmentPost@58326051]" started-at="2023-02-20T23:59:26 IST" name="get" finished-at="2023-02-20T23:59:31 IST" duration-ms="4978" status="PASS">
          <reporter-output>
          </reporter-output>
        </test-method> <!-- get -->
      </class> <!-- com.assignment.Phase3.AssignmentPost -->
    </test> <!-- Default test -->
  </suite> <!-- Default suite -->
</testng-results>
